<?xml version="1.0" encoding="UTF-8"?>
<!-- Generated by org.testng.reporters.JUnitXMLReporter -->
<testsuite hostname="MUNI-VAIO" ignored="1" name="TestFirefox" tests="1" failures="1" timestamp="29 Oct 2017 04:39:09 GMT" time="17.001" errors="0">
  <testcase name="testValidLogin" time="0.352" classname="scripts.ValidLogin">
    <failure type="java.lang.NullPointerException">
      <![CDATA[java.lang.NullPointerException
	at org.openqa.selenium.support.pagefactory.DefaultElementLocator.findElement(DefaultElementLocator.java:69)
	at org.openqa.selenium.support.pagefactory.internal.LocatingElementHandler.invoke(LocatingElementHandler.java:38)
	at com.sun.proxy.$Proxy10.sendKeys(Unknown Source)
	at page.LoginPage.setUserName(LoginPage.java:27)
	at generic.ApplicationSpecificLib.loginApplication(ApplicationSpecificLib.java:9)
	at scripts.ValidLogin.testValidLogin(ValidLogin.java:23)
	at java.util.concurrent.FutureTask.run(Unknown Source)
	at java.util.concurrent.ThreadPoolExecutor.runWorker(Unknown Source)
	at java.util.concurrent.ThreadPoolExecutor$Worker.run(Unknown Source)
	at java.lang.Thread.run(Unknown Source)
... Removed 16 stack frames]]>
    </failure>
  </testcase> <!-- testValidLogin -->
  <testcase name="testVerifyProfileName" time="0.0" classname="scripts.VerifyProfileName">
    <ignored/>
  </testcase> <!-- testVerifyProfileName -->
</testsuite> <!-- TestFirefox -->
