<?xml version="1.0" encoding="UTF-8"?>
<!-- Generated by org.testng.reporters.JUnitXMLReporter -->
<testsuite hostname="MUNI-VAIO" ignored="1" name="TestChrome" tests="1" failures="0" timestamp="29 Oct 2017 09:17:52 GMT" time="35.568" errors="0">
  <testcase name="testValidLogin" time="25.028" classname="scripts.ValidLogin"/>
  <testcase name="testVerifyProfileName" time="0.0" classname="scripts.VerifyProfileName">
    <ignored/>
  </testcase> <!-- testVerifyProfileName -->
</testsuite> <!-- TestChrome -->
