<?xml version="1.0" encoding="UTF-8"?>
<testng-results skipped="0" failed="0" ignored="1" total="2" passed="1">
  <reporter-output>
    <line>
      <![CDATA[Application Opened Successfully. PASS]]>
    </line>
  </reporter-output>
  <suite name="Suite" duration-ms="35568" started-at="2017-10-29T09:17:17Z" finished-at="2017-10-29T09:17:52Z">
    <groups>
      <group name="login">
        <method signature="ValidLogin.testValidLogin()[pri:1, instance:scripts.ValidLogin@1d057a39]" name="testValidLogin" class="scripts.ValidLogin"/>
      </group> <!-- login -->
    </groups>
    <test name="TestChrome" duration-ms="35568" started-at="2017-10-29T09:17:17Z" finished-at="2017-10-29T09:17:52Z">
      <class name="scripts.ValidLogin">
        <test-method status="PASS" signature="openApplication(java.lang.String)[pri:0, instance:scripts.ValidLogin@1d057a39]" name="openApplication" is-config="true" duration-ms="8510" started-at="2017-10-29T14:47:17Z" finished-at="2017-10-29T14:47:25Z">
          <params>
            <param index="0">
              <value>
                <![CDATA[firefox]]>
              </value>
            </param>
          </params>
          <reporter-output>
            <line>
              <![CDATA[Application Opened Successfully. PASS]]>
            </line>
          </reporter-output>
        </test-method> <!-- openApplication -->
        <test-method status="PASS" signature="testValidLogin()[pri:1, instance:scripts.ValidLogin@1d057a39]" name="testValidLogin" duration-ms="25028" started-at="2017-10-29T14:47:25Z" finished-at="2017-10-29T14:47:50Z">
          <reporter-output>
          </reporter-output>
        </test-method> <!-- testValidLogin -->
        <test-method status="PASS" signature="closeApplication()[pri:0, instance:scripts.ValidLogin@1d057a39]" name="closeApplication" is-config="true" duration-ms="2000" started-at="2017-10-29T14:47:50Z" finished-at="2017-10-29T14:47:52Z">
          <reporter-output>
          </reporter-output>
        </test-method> <!-- closeApplication -->
      </class> <!-- scripts.ValidLogin -->
    </test> <!-- TestChrome -->
  </suite> <!-- Suite -->
</testng-results>
